<?xml version="1.0" encoding="UTF-8"?>
<!-- Generated by org.testng.reporters.JUnitReportReporter -->
<testsuite skipped="0" hostname="LAPTOP-9SSDU2GV" name="a1_googleTest.A1_SampleGoogle" tests="1" failures="0" timestamp="13 Sep 2023 14:32:40 GMT" time="19.308" errors="0">
  <testcase name="loginGoogleTest" time="19.308" classname="a1_googleTest.A1_SampleGoogle"/>
</testsuite> <!-- a1_googleTest.A1_SampleGoogle -->
