<?xml version="1.0" encoding="UTF-8"?>
<!-- Generated by org.testng.reporters.JUnitReportReporter -->
<testsuite skipped="0" hostname="LAPTOP-9SSDU2GV" name="a2_bingTest.A1_SampleBing" tests="1" failures="0" timestamp="13 Sep 2023 14:22:13 GMT" time="8.802" errors="0">
  <testcase name="loginBingTest" time="8.802" classname="a2_bingTest.A1_SampleBing"/>
</testsuite> <!-- a2_bingTest.A1_SampleBing -->
